<?xml version="1.0" encoding="UTF-8"?>
<testng-results ignored="0" total="3" passed="3" failed="0" skipped="0">
  <reporter-output>
  </reporter-output>
  <suite started-at="2022-12-15T20:46:38 IST" name="Suite" finished-at="2022-12-15T20:46:51 IST" duration-ms="13169">
    <groups>
    </groups>
    <test started-at="2022-12-15T20:46:38 IST" name="Test" finished-at="2022-12-15T20:46:51 IST" duration-ms="13169">
      <class name="testNG.GoogleTest">
        <test-method signature="ChromeTest()[pri:0, instance:testNG.GoogleTest@6c64cb25]" started-at="2022-12-15T20:46:38 IST" name="ChromeTest" finished-at="2022-12-15T20:46:51 IST" duration-ms="13126" status="PASS">
          <reporter-output>
          </reporter-output>
        </test-method> <!-- ChromeTest -->
      </class> <!-- testNG.GoogleTest -->
      <class name="testNG.TestDemo1">
        <test-method signature="testCase1()[pri:0, instance:testNG.TestDemo1@7ec7ffd3]" started-at="2022-12-15T20:46:38 IST" name="testCase1" finished-at="2022-12-15T20:46:38 IST" duration-ms="7" status="PASS">
          <reporter-output>
          </reporter-output>
        </test-method> <!-- testCase1 -->
        <test-method signature="testCase2()[pri:0, instance:testNG.TestDemo1@7ec7ffd3]" started-at="2022-12-15T20:46:38 IST" name="testCase2" finished-at="2022-12-15T20:46:38 IST" duration-ms="1" status="PASS">
          <reporter-output>
          </reporter-output>
        </test-method> <!-- testCase2 -->
      </class> <!-- testNG.TestDemo1 -->
    </test> <!-- Test -->
  </suite> <!-- Suite -->
</testng-results>
